<?xml version="1.0" encoding="UTF-8"?>
<!-- Generated by org.testng.reporters.JUnitXMLReporter -->
<testsuite ignored="0" hostname="Ajays-MacBook-Air.local" failures="0" tests="6" name="Test" time="56.07" errors="0" timestamp="2021-09-29T16:09:38 IST">
  <testcase classname="com.testcases.DashboardPageTest" name="validateDashboardTab" time="0.007"/>
  <testcase classname="com.testcases.LoginPageTest" name="getDataFromTestNGXMLFile" time="0.002"/>
  <testcase classname="com.testcases.LoginPageTest" name="validateMultipleLogin" time="4.411"/>
  <testcase classname="com.testcases.LoginPageTest" name="validateMultipleLogin" time="1.343"/>
  <testcase classname="com.testcases.LoginPageTest" name="validateTitleTest" time="0.044"/>
  <testcase classname="com.testcases.LoginPageTest" name="validateLoginTest" time="4.28"/>
</testsuite> <!-- Test -->
