<?xml version="1.0" encoding="UTF-8"?>
<testng-results ignored="0" total="2" passed="2" failed="0" skipped="0">
  <reporter-output>
  </reporter-output>
  <suite started-at="2021-09-28T09:21:07 IST" name="Default suite" finished-at="2021-09-28T09:21:21 IST" duration-ms="14651">
    <groups>
    </groups>
    <test started-at="2021-09-28T09:21:07 IST" name="Default test" finished-at="2021-09-28T09:21:21 IST" duration-ms="14651">
      <class name="com.testcases.LoginPageTest">
        <test-method is-config="true" signature="browserSetup()[pri:0, instance:com.testcases.LoginPageTest@7219ec67]" started-at="2021-09-28T09:21:07 IST" name="browserSetup" finished-at="2021-09-28T09:21:16 IST" duration-ms="9201" status="PASS">
          <reporter-output>
          </reporter-output>
        </test-method> <!-- browserSetup -->
        <test-method signature="validateLoginTest()[pri:0, instance:com.testcases.LoginPageTest@7219ec67]" started-at="2021-09-28T09:21:16 IST" name="validateLoginTest" finished-at="2021-09-28T09:21:16 IST" duration-ms="10" status="PASS">
          <reporter-output>
          </reporter-output>
        </test-method> <!-- validateLoginTest -->
        <test-method is-config="true" signature="closeBrowserSetup()[pri:0, instance:com.testcases.LoginPageTest@7219ec67]" started-at="2021-09-28T09:21:16 IST" name="closeBrowserSetup" finished-at="2021-09-28T09:21:16 IST" duration-ms="167" status="PASS">
          <reporter-output>
          </reporter-output>
        </test-method> <!-- closeBrowserSetup -->
        <test-method is-config="true" signature="browserSetup()[pri:0, instance:com.testcases.LoginPageTest@7219ec67]" started-at="2021-09-28T09:21:16 IST" name="browserSetup" finished-at="2021-09-28T09:21:21 IST" duration-ms="5019" status="PASS">
          <reporter-output>
          </reporter-output>
        </test-method> <!-- browserSetup -->
        <test-method signature="validateTitleTest()[pri:0, instance:com.testcases.LoginPageTest@7219ec67]" started-at="2021-09-28T09:21:21 IST" name="validateTitleTest" finished-at="2021-09-28T09:21:21 IST" duration-ms="14" status="PASS">
          <reporter-output>
          </reporter-output>
        </test-method> <!-- validateTitleTest -->
        <test-method is-config="true" signature="closeBrowserSetup()[pri:0, instance:com.testcases.LoginPageTest@7219ec67]" started-at="2021-09-28T09:21:21 IST" name="closeBrowserSetup" finished-at="2021-09-28T09:21:21 IST" duration-ms="151" status="PASS">
          <reporter-output>
          </reporter-output>
        </test-method> <!-- closeBrowserSetup -->
      </class> <!-- com.testcases.LoginPageTest -->
    </test> <!-- Default test -->
  </suite> <!-- Default suite -->
</testng-results>
